<?xml version="1.0" encoding="UTF-8"?>
<!-- Generated by org.testng.reporters.JUnitReportReporter -->
<testsuite skipped="0" hostname="DESKTOP-7BN1PCM" name="DriverFactory.AppTest" tests="1" failures="0" timestamp="2021-07-12T16:14:15 IST" time="23.603" errors="0">
  <testcase name="apptest" time="23.603" classname="DriverFactory.AppTest"/>
  <system-out/>
</testsuite> <!-- DriverFactory.AppTest -->
